<?xml version="1.0" encoding="UTF-8"?>
<!-- Generated by org.testng.reporters.JUnitXMLReporter -->
<testsuite ignored="0" hostname="DESKTOP-4UP0PNP" failures="0" tests="6" name="chromeTest" time="0.253" errors="0" timestamp="2024-09-11T17:15:18 IST">
  <testcase classname="com.myntrajio.MensProductTest.MensProductTest" name="addMensproduct" time="0.099"/>
  <testcase classname="com.myntrajio.MensProductTest.MensProductTest" name="removeMensproduct" time="0.002"/>
  <testcase classname="com.myntrajio.MensProductTest.MensProductTest" name="updateMensproduct" time="0.002"/>
  <testcase classname="com.myntrajio.WomensProductTest.WomensProductTest" name="addwoproduct" time="0.002"/>
  <testcase classname="com.myntrajio.WomensProductTest.WomensProductTest" name="removewoproduct" time="0.002"/>
  <testcase classname="com.myntrajio.WomensProductTest.WomensProductTest" name="updatewoproduct" time="0.004"/>
</testsuite> <!-- chromeTest -->
