<?xml version="1.0" encoding="UTF-8"?>
<!-- Generated by org.testng.reporters.JUnitXMLReporter -->
<testsuite ignored="0" hostname="DESKTOP-4UP0PNP" failures="0" tests="6" name="chromeTest" time="0.247" errors="0" timestamp="2024-08-29T15:43:58 IST">
  <testcase classname="com.myntrajio.MensProductTest.MensProductTest" name="addMensproduct" time="0.037"/>
  <testcase classname="com.myntrajio.MensProductTest.MensProductTest" name="removeMensproduct" time="0.002"/>
  <testcase classname="com.myntrajio.MensProductTest.MensProductTest" name="updateMensproduct" time="0.001"/>
  <testcase classname="com.myntrajio.WomensProductTest.WomensProductTest" name="addwoproduct" time="0.005"/>
  <testcase classname="com.myntrajio.WomensProductTest.WomensProductTest" name="removewoproduct" time="0.008"/>
  <testcase classname="com.myntrajio.WomensProductTest.WomensProductTest" name="updatewoproduct" time="0.002"/>
</testsuite> <!-- chromeTest -->
