<?xml version="1.0" encoding="UTF-8"?>
<!-- Generated by org.testng.reporters.JUnitXMLReporter -->
<testsuite ignored="0" hostname="DESKTOP-4UP0PNP" failures="0" tests="3" name="EdgeTest" time="0.033" errors="0" timestamp="2024-08-29T15:43:58 IST">
  <testcase classname="com.myntrajio.ElectronicProductTest.ElectronicProductTest" name="addproduct" time="0.006"/>
  <testcase classname="com.myntrajio.ElectronicProductTest.ElectronicProductTest" name="removeproduct" time="0.003"/>
  <testcase classname="com.myntrajio.ElectronicProductTest.ElectronicProductTest" name="updateproduct" time="0.003"/>
</testsuite> <!-- EdgeTest -->
