<?xml version="1.0" encoding="UTF-8"?>
<!-- Generated by org.testng.reporters.JUnitXMLReporter -->
<testsuite ignored="0" hostname="DESKTOP-4UP0PNP" failures="0" tests="3" name="EdgeTest" time="0.054" errors="0" timestamp="2024-09-11T17:15:19 IST">
  <testcase classname="com.myntrajio.ElectronicProductTest.ElectronicProductTest" name="addproduct" time="0.006"/>
  <testcase classname="com.myntrajio.ElectronicProductTest.ElectronicProductTest" name="removeproduct" time="0.013"/>
  <testcase classname="com.myntrajio.ElectronicProductTest.ElectronicProductTest" name="updateproduct" time="0.002"/>
</testsuite> <!-- EdgeTest -->
