<?xml version="1.0" encoding="UTF-8"?>
<!-- Generated by org.testng.reporters.JUnitXMLReporter -->
<testsuite ignored="0" hostname="DESKTOP-4UP0PNP" failures="0" tests="3" name="FirefoxTest" time="0.04" errors="0" timestamp="2024-08-29T15:43:58 IST">
  <testcase classname="com.myntrajio.KidsProductTest.KidsProductTest" name="addKidsproduct" time="0.007"/>
  <testcase classname="com.myntrajio.KidsProductTest.KidsProductTest" name="removeKidsproduct" time="0.006"/>
  <testcase classname="com.myntrajio.KidsProductTest.KidsProductTest" name="updateKidsproduct" time="0.009"/>
</testsuite> <!-- FirefoxTest -->
