<?xml version="1.0" encoding="UTF-8"?>
<!-- Generated by org.testng.reporters.JUnitXMLReporter -->
<testsuite ignored="0" hostname="DESKTOP-4UP0PNP" failures="0" tests="3" name="FirefoxTest" time="0.027" errors="0" timestamp="2024-09-11T17:15:19 IST">
  <testcase classname="com.myntrajio.KidsProductTest.KidsProductTest" name="addKidsproduct" time="0.003"/>
  <testcase classname="com.myntrajio.KidsProductTest.KidsProductTest" name="removeKidsproduct" time="0.003"/>
  <testcase classname="com.myntrajio.KidsProductTest.KidsProductTest" name="updateKidsproduct" time="0.003"/>
</testsuite> <!-- FirefoxTest -->
