<?xml version="1.0" encoding="UTF-8"?>
<!-- Generated by org.testng.reporters.JUnitXMLReporter -->
<testsuite ignored="0" hostname="DESKTOP-4UP0PNP" failures="0" tests="4" name="Suite_FunctionalityTesting" time="61.087" errors="0" timestamp="2024-09-11T17:38:36 IST">
  <testcase classname="com.myntrajio.RegisterTest.RegisterTest" name="registerValidData" time="13.057"/>
  <testcase classname="com.myntrajio.RegisterTest.RegisterTest" name="validateRegisterButtonColor" time="0.004"/>
  <testcase classname="com.myntrajio.RegisterTest.RegisterTest" name="validateRegisterButtonPosition" time="0.003"/>
  <testcase classname="com.myntrajio.RegisterTest.RegisterTest" name="validateRegisterButtonSize" time="0.009"/>
</testsuite> <!-- Suite_FunctionalityTesting -->
