<?xml version="1.0" encoding="UTF-8"?>
<!-- Generated by org.testng.reporters.JUnitXMLReporter -->
<testsuite ignored="0" hostname="DESKTOP-4UP0PNP" failures="0" tests="4" name="Suite_FunctionalityTesting" time="18.108" errors="0" timestamp="2024-09-11T17:10:53 IST">
  <testcase classname="com.myntrajio.RegisterTest.RegisterTest" name="registerValidData" time="2.6"/>
  <testcase classname="com.myntrajio.RegisterTest.RegisterTest" name="vaildRegisterButtonColor" time="0.003"/>
  <testcase classname="com.myntrajio.RegisterTest.RegisterTest" name="vaildRegisterButtonPostion" time="0.003"/>
  <testcase classname="com.myntrajio.RegisterTest.RegisterTest" name="vaildRegisterButtonSize" time="0.006"/>
</testsuite> <!-- Suite_FunctionalityTesting -->
