<?xml version="1.0" encoding="UTF-8"?>
<testng-results ignored="0" total="12" passed="12" failed="0" skipped="0">
  <reporter-output>
    <line>
      <![CDATA[ men product  added suscess]]>
    </line>
    <line>
      <![CDATA[ men product  added suscess]]>
    </line>
    <line>
      <![CDATA[men product  updated suscess]]>
    </line>
    <line>
      <![CDATA[ women product added  suscess]]>
    </line>
    <line>
      <![CDATA[ women product added suscess]]>
    </line>
    <line>
      <![CDATA[ women product updated  suscess]]>
    </line>
    <line>
      <![CDATA[ kid product added suscess]]>
    </line>
    <line>
      <![CDATA[ kid product added suscess]]>
    </line>
    <line>
      <![CDATA[ kid product updated suscess]]>
    </line>
    <line>
      <![CDATA[product added Electronicsuscess]]>
    </line>
    <line>
      <![CDATA[product added Electronic suscess]]>
    </line>
    <line>
      <![CDATA[product updated Electronic suscess]]>
    </line>
  </reporter-output>
  <suite started-at="2024-09-11T17:15:18 IST" name="RegressionSuite" finished-at="2024-09-11T17:15:19 IST" duration-ms="843">
    <groups>
      <group name="ST">
        <method signature="MensProductTest.updateMensproduct()[pri:0, instance:com.myntrajio.MensProductTest.MensProductTest@7526515b]" name="updateMensproduct" class="com.myntrajio.MensProductTest.MensProductTest"/>
        <method signature="WomensProductTest.updatewoproduct()[pri:0, instance:com.myntrajio.WomensProductTest.WomensProductTest@27406a17]" name="updatewoproduct" class="com.myntrajio.WomensProductTest.WomensProductTest"/>
        <method signature="KidsProductTest.updateKidsproduct()[pri:0, instance:com.myntrajio.KidsProductTest.KidsProductTest@7188af83]" name="updateKidsproduct" class="com.myntrajio.KidsProductTest.KidsProductTest"/>
        <method signature="ElectronicProductTest.updateproduct()[pri:0, instance:com.myntrajio.ElectronicProductTest.ElectronicProductTest@4a003cbe]" name="updateproduct" class="com.myntrajio.ElectronicProductTest.ElectronicProductTest"/>
      </group> <!-- ST -->
      <group name="RT">
        <method signature="MensProductTest.addMensproduct()[pri:0, instance:com.myntrajio.MensProductTest.MensProductTest@7526515b]" name="addMensproduct" class="com.myntrajio.MensProductTest.MensProductTest"/>
        <method signature="MensProductTest.removeMensproduct()[pri:0, instance:com.myntrajio.MensProductTest.MensProductTest@7526515b]" name="removeMensproduct" class="com.myntrajio.MensProductTest.MensProductTest"/>
        <method signature="MensProductTest.updateMensproduct()[pri:0, instance:com.myntrajio.MensProductTest.MensProductTest@7526515b]" name="updateMensproduct" class="com.myntrajio.MensProductTest.MensProductTest"/>
        <method signature="WomensProductTest.addwoproduct()[pri:0, instance:com.myntrajio.WomensProductTest.WomensProductTest@27406a17]" name="addwoproduct" class="com.myntrajio.WomensProductTest.WomensProductTest"/>
        <method signature="WomensProductTest.removewoproduct()[pri:0, instance:com.myntrajio.WomensProductTest.WomensProductTest@27406a17]" name="removewoproduct" class="com.myntrajio.WomensProductTest.WomensProductTest"/>
        <method signature="WomensProductTest.updatewoproduct()[pri:0, instance:com.myntrajio.WomensProductTest.WomensProductTest@27406a17]" name="updatewoproduct" class="com.myntrajio.WomensProductTest.WomensProductTest"/>
        <method signature="KidsProductTest.addKidsproduct()[pri:0, instance:com.myntrajio.KidsProductTest.KidsProductTest@7188af83]" name="addKidsproduct" class="com.myntrajio.KidsProductTest.KidsProductTest"/>
        <method signature="KidsProductTest.removeKidsproduct()[pri:0, instance:com.myntrajio.KidsProductTest.KidsProductTest@7188af83]" name="removeKidsproduct" class="com.myntrajio.KidsProductTest.KidsProductTest"/>
        <method signature="KidsProductTest.updateKidsproduct()[pri:0, instance:com.myntrajio.KidsProductTest.KidsProductTest@7188af83]" name="updateKidsproduct" class="com.myntrajio.KidsProductTest.KidsProductTest"/>
        <method signature="ElectronicProductTest.addproduct()[pri:0, instance:com.myntrajio.ElectronicProductTest.ElectronicProductTest@4a003cbe]" name="addproduct" class="com.myntrajio.ElectronicProductTest.ElectronicProductTest"/>
        <method signature="ElectronicProductTest.removeproduct()[pri:0, instance:com.myntrajio.ElectronicProductTest.ElectronicProductTest@4a003cbe]" name="removeproduct" class="com.myntrajio.ElectronicProductTest.ElectronicProductTest"/>
        <method signature="ElectronicProductTest.updateproduct()[pri:0, instance:com.myntrajio.ElectronicProductTest.ElectronicProductTest@4a003cbe]" name="updateproduct" class="com.myntrajio.ElectronicProductTest.ElectronicProductTest"/>
      </group> <!-- RT -->
      <group name="IT">
        <method signature="MensProductTest.removeMensproduct()[pri:0, instance:com.myntrajio.MensProductTest.MensProductTest@7526515b]" name="removeMensproduct" class="com.myntrajio.MensProductTest.MensProductTest"/>
        <method signature="WomensProductTest.removewoproduct()[pri:0, instance:com.myntrajio.WomensProductTest.WomensProductTest@27406a17]" name="removewoproduct" class="com.myntrajio.WomensProductTest.WomensProductTest"/>
        <method signature="KidsProductTest.removeKidsproduct()[pri:0, instance:com.myntrajio.KidsProductTest.KidsProductTest@7188af83]" name="removeKidsproduct" class="com.myntrajio.KidsProductTest.KidsProductTest"/>
        <method signature="ElectronicProductTest.removeproduct()[pri:0, instance:com.myntrajio.ElectronicProductTest.ElectronicProductTest@4a003cbe]" name="removeproduct" class="com.myntrajio.ElectronicProductTest.ElectronicProductTest"/>
      </group> <!-- IT -->
      <group name="FT">
        <method signature="MensProductTest.addMensproduct()[pri:0, instance:com.myntrajio.MensProductTest.MensProductTest@7526515b]" name="addMensproduct" class="com.myntrajio.MensProductTest.MensProductTest"/>
        <method signature="WomensProductTest.addwoproduct()[pri:0, instance:com.myntrajio.WomensProductTest.WomensProductTest@27406a17]" name="addwoproduct" class="com.myntrajio.WomensProductTest.WomensProductTest"/>
        <method signature="KidsProductTest.addKidsproduct()[pri:0, instance:com.myntrajio.KidsProductTest.KidsProductTest@7188af83]" name="addKidsproduct" class="com.myntrajio.KidsProductTest.KidsProductTest"/>
        <method signature="ElectronicProductTest.addproduct()[pri:0, instance:com.myntrajio.ElectronicProductTest.ElectronicProductTest@4a003cbe]" name="addproduct" class="com.myntrajio.ElectronicProductTest.ElectronicProductTest"/>
      </group> <!-- FT -->
    </groups>
    <test started-at="2024-09-11T17:15:18 IST" name="chromeTest" finished-at="2024-09-11T17:15:18 IST" duration-ms="253">
      <class name="com.myntrajio.MensProductTest.MensProductTest">
        <test-method signature="addMensproduct()[pri:0, instance:com.myntrajio.MensProductTest.MensProductTest@7526515b]" started-at="2024-09-11T17:15:18 IST" name="addMensproduct" finished-at="2024-09-11T17:15:18 IST" duration-ms="99" status="PASS">
          <reporter-output>
            <line>
              <![CDATA[ men product  added suscess]]>
            </line>
          </reporter-output>
        </test-method> <!-- addMensproduct -->
        <test-method signature="removeMensproduct()[pri:0, instance:com.myntrajio.MensProductTest.MensProductTest@7526515b]" started-at="2024-09-11T17:15:18 IST" name="removeMensproduct" finished-at="2024-09-11T17:15:18 IST" duration-ms="2" status="PASS">
          <reporter-output>
            <line>
              <![CDATA[ men product  added suscess]]>
            </line>
          </reporter-output>
        </test-method> <!-- removeMensproduct -->
        <test-method signature="updateMensproduct()[pri:0, instance:com.myntrajio.MensProductTest.MensProductTest@7526515b]" started-at="2024-09-11T17:15:18 IST" name="updateMensproduct" finished-at="2024-09-11T17:15:18 IST" duration-ms="2" status="PASS">
          <reporter-output>
            <line>
              <![CDATA[men product  updated suscess]]>
            </line>
          </reporter-output>
        </test-method> <!-- updateMensproduct -->
      </class> <!-- com.myntrajio.MensProductTest.MensProductTest -->
      <class name="com.myntrajio.WomensProductTest.WomensProductTest">
        <test-method signature="addwoproduct()[pri:0, instance:com.myntrajio.WomensProductTest.WomensProductTest@27406a17]" started-at="2024-09-11T17:15:18 IST" name="addwoproduct" finished-at="2024-09-11T17:15:18 IST" duration-ms="2" status="PASS">
          <reporter-output>
            <line>
              <![CDATA[ women product added  suscess]]>
            </line>
          </reporter-output>
        </test-method> <!-- addwoproduct -->
        <test-method signature="removewoproduct()[pri:0, instance:com.myntrajio.WomensProductTest.WomensProductTest@27406a17]" started-at="2024-09-11T17:15:18 IST" name="removewoproduct" finished-at="2024-09-11T17:15:18 IST" duration-ms="2" status="PASS">
          <reporter-output>
            <line>
              <![CDATA[ women product added suscess]]>
            </line>
          </reporter-output>
        </test-method> <!-- removewoproduct -->
        <test-method signature="updatewoproduct()[pri:0, instance:com.myntrajio.WomensProductTest.WomensProductTest@27406a17]" started-at="2024-09-11T17:15:18 IST" name="updatewoproduct" finished-at="2024-09-11T17:15:18 IST" duration-ms="4" status="PASS">
          <reporter-output>
            <line>
              <![CDATA[ women product updated  suscess]]>
            </line>
          </reporter-output>
        </test-method> <!-- updatewoproduct -->
      </class> <!-- com.myntrajio.WomensProductTest.WomensProductTest -->
    </test> <!-- chromeTest -->
    <test started-at="2024-09-11T17:15:19 IST" name="FirefoxTest" finished-at="2024-09-11T17:15:19 IST" duration-ms="27">
      <class name="com.myntrajio.KidsProductTest.KidsProductTest">
        <test-method signature="addKidsproduct()[pri:0, instance:com.myntrajio.KidsProductTest.KidsProductTest@7188af83]" started-at="2024-09-11T17:15:19 IST" name="addKidsproduct" finished-at="2024-09-11T17:15:19 IST" duration-ms="3" status="PASS">
          <reporter-output>
            <line>
              <![CDATA[ kid product added suscess]]>
            </line>
          </reporter-output>
        </test-method> <!-- addKidsproduct -->
        <test-method signature="removeKidsproduct()[pri:0, instance:com.myntrajio.KidsProductTest.KidsProductTest@7188af83]" started-at="2024-09-11T17:15:19 IST" name="removeKidsproduct" finished-at="2024-09-11T17:15:19 IST" duration-ms="3" status="PASS">
          <reporter-output>
            <line>
              <![CDATA[ kid product added suscess]]>
            </line>
          </reporter-output>
        </test-method> <!-- removeKidsproduct -->
        <test-method signature="updateKidsproduct()[pri:0, instance:com.myntrajio.KidsProductTest.KidsProductTest@7188af83]" started-at="2024-09-11T17:15:19 IST" name="updateKidsproduct" finished-at="2024-09-11T17:15:19 IST" duration-ms="3" status="PASS">
          <reporter-output>
            <line>
              <![CDATA[ kid product updated suscess]]>
            </line>
          </reporter-output>
        </test-method> <!-- updateKidsproduct -->
      </class> <!-- com.myntrajio.KidsProductTest.KidsProductTest -->
    </test> <!-- FirefoxTest -->
    <test started-at="2024-09-11T17:15:19 IST" name="EdgeTest" finished-at="2024-09-11T17:15:19 IST" duration-ms="54">
      <class name="com.myntrajio.ElectronicProductTest.ElectronicProductTest">
        <test-method signature="addproduct()[pri:0, instance:com.myntrajio.ElectronicProductTest.ElectronicProductTest@4a003cbe]" started-at="2024-09-11T17:15:19 IST" name="addproduct" finished-at="2024-09-11T17:15:19 IST" duration-ms="6" status="PASS">
          <reporter-output>
            <line>
              <![CDATA[product added Electronicsuscess]]>
            </line>
          </reporter-output>
        </test-method> <!-- addproduct -->
        <test-method signature="removeproduct()[pri:0, instance:com.myntrajio.ElectronicProductTest.ElectronicProductTest@4a003cbe]" started-at="2024-09-11T17:15:19 IST" name="removeproduct" finished-at="2024-09-11T17:15:19 IST" duration-ms="13" status="PASS">
          <reporter-output>
            <line>
              <![CDATA[product added Electronic suscess]]>
            </line>
          </reporter-output>
        </test-method> <!-- removeproduct -->
        <test-method signature="updateproduct()[pri:0, instance:com.myntrajio.ElectronicProductTest.ElectronicProductTest@4a003cbe]" started-at="2024-09-11T17:15:19 IST" name="updateproduct" finished-at="2024-09-11T17:15:19 IST" duration-ms="2" status="PASS">
          <reporter-output>
            <line>
              <![CDATA[product updated Electronic suscess]]>
            </line>
          </reporter-output>
        </test-method> <!-- updateproduct -->
      </class> <!-- com.myntrajio.ElectronicProductTest.ElectronicProductTest -->
    </test> <!-- EdgeTest -->
  </suite> <!-- RegressionSuite -->
</testng-results>
